{"/home/abuzar_th_dev_faang/dev/battleship/src/shipClass.js": {"path":"/home/abuzar_th_dev_faang/dev/battleship/src/shipClass.js","statementMap":{"0":{"start":{"line":3,"column":4},"end":{"line":3,"column":20}},"1":{"start":{"line":4,"column":4},"end":{"line":4,"column":24}},"2":{"start":{"line":5,"column":4},"end":{"line":5,"column":19}},"3":{"start":{"line":9,"column":4},"end":{"line":9,"column":20}},"4":{"start":{"line":13,"column":4},"end":{"line":13,"column":38}},"5":{"start":{"line":17,"column":16},"end":{"line":17,"column":38}},"6":{"start":{"line":18,"column":19},"end":{"line":18,"column":44}},"7":{"start":{"line":19,"column":18},"end":{"line":19,"column":42}},"8":{"start":{"line":20,"column":18},"end":{"line":20,"column":42}},"9":{"start":{"line":21,"column":19},"end":{"line":21,"column":45}},"10":{"start":{"line":23,"column":18},"end":{"line":23,"column":40}},"11":{"start":{"line":24,"column":21},"end":{"line":24,"column":46}},"12":{"start":{"line":25,"column":20},"end":{"line":25,"column":44}},"13":{"start":{"line":26,"column":20},"end":{"line":26,"column":44}},"14":{"start":{"line":27,"column":21},"end":{"line":27,"column":47}},"15":{"start":{"line":29,"column":21},"end":{"line":29,"column":76}},"16":{"start":{"line":30,"column":23},"end":{"line":36,"column":1}}},"fnMap":{"0":{"name":"(anonymous_0)","decl":{"start":{"line":2,"column":2},"end":{"line":2,"column":3}},"loc":{"start":{"line":2,"column":28},"end":{"line":6,"column":3}},"line":2},"1":{"name":"(anonymous_1)","decl":{"start":{"line":8,"column":2},"end":{"line":8,"column":3}},"loc":{"start":{"line":8,"column":8},"end":{"line":10,"column":3}},"line":8},"2":{"name":"(anonymous_2)","decl":{"start":{"line":12,"column":2},"end":{"line":12,"column":3}},"loc":{"start":{"line":12,"column":11},"end":{"line":14,"column":3}},"line":12}},"branchMap":{},"s":{"0":11,"1":11,"2":11,"3":2,"4":1,"5":1,"6":1,"7":1,"8":1,"9":1,"10":1,"11":1,"12":1,"13":1,"14":1,"15":1,"16":1},"f":{"0":11,"1":2,"2":1},"b":{},"_coverageSchema":"1a1c01bbd47fc00a2c39e90264f33305004495a9","hash":"bfbcb606c94542c401c43313baaafc400d264299"}
}
